0 info it worked if it ends with ok
1 verbose cli [ '/usr/bin/node', '/usr/bin/npm', 'install', '-g', 'browserify' ]
2 info using npm@2.1.17
3 info using node@v0.10.35
4 silly cache add args [ 'browserify', null ]
5 verbose cache add spec browserify
6 silly cache add parsed spec { raw: 'browserify',
6 silly cache add   scope: null,
6 silly cache add   name: 'browserify',
6 silly cache add   rawSpec: '',
6 silly cache add   spec: '*',
6 silly cache add   type: 'range' }
7 verbose addNamed browserify@*
8 silly addNamed semver.valid null
9 silly addNamed semver.validRange *
10 silly addNameRange { name: 'browserify', range: '*', hasData: false }
11 silly mapToRegistry name browserify
12 silly mapToRegistry using default registry
13 silly mapToRegistry registry https://registry.npmjs.org/
14 silly mapToRegistry uri https://registry.npmjs.org/browserify
15 verbose addNameRange registry:https://registry.npmjs.org/browserify not in flight; fetching
16 verbose request uri https://registry.npmjs.org/browserify
17 verbose request no auth needed
18 info attempt registry request try #1 at 19:47:58
19 verbose request id a186f706db8d8e01
20 http request GET https://registry.npmjs.org/browserify
21 info retry will retry, error on last attempt: Error: socket hang up
22 info attempt registry request try #2 at 19:49:21
23 http request GET https://registry.npmjs.org/browserify
24 http 200 https://registry.npmjs.org/browserify
25 silly get cb [ 200,
25 silly get   { date: 'Mon, 12 Jan 2015 14:19:22 GMT',
25 silly get     server: 'CouchDB/1.5.0 (Erlang OTP/R16B03)',
25 silly get     etag: '"3HIBWS22DR1UCPVDOYTCQ991S"',
25 silly get     'content-type': 'application/json',
25 silly get     'cache-control': 'max-age=60',
25 silly get     'content-length': '763505',
25 silly get     'accept-ranges': 'bytes',
25 silly get     via: '1.1 varnish',
25 silly get     age: '22',
25 silly get     'x-served-by': 'cache-sn86-SIN',
25 silly get     'x-cache': 'HIT',
25 silly get     'x-cache-hits': '2',
25 silly get     'x-timer': 'S1421072362.199411,VS0,VE0',
25 silly get     vary: 'Accept',
25 silly get     'keep-alive': 'timeout=10, max=50',
25 silly get     connection: 'Keep-Alive' } ]
26 silly addNameRange number 2 { name: 'browserify', range: '*', hasData: true }
27 silly addNameRange versions [ 'browserify',
27 silly addNameRange   [ '0.0.1',
27 silly addNameRange     '0.0.2',
27 silly addNameRange     '0.0.3',
27 silly addNameRange     '0.0.4',
27 silly addNameRange     '0.0.5',
27 silly addNameRange     '0.1.0',
27 silly addNameRange     '0.1.1',
27 silly addNameRange     '0.1.2',
27 silly addNameRange     '0.1.3',
27 silly addNameRange     '0.1.4',
27 silly addNameRange     '0.1.5',
27 silly addNameRange     '0.2.0',
27 silly addNameRange     '0.2.1',
27 silly addNameRange     '0.2.2',
27 silly addNameRange     '0.2.3',
27 silly addNameRange     '0.2.4',
27 silly addNameRange     '0.2.5',
27 silly addNameRange     '0.2.6',
27 silly addNameRange     '0.2.7',
27 silly addNameRange     '0.2.8',
27 silly addNameRange     '0.2.9',
27 silly addNameRange     '0.2.10',
27 silly addNameRange     '0.2.11',
27 silly addNameRange     '0.3.0',
27 silly addNameRange     '0.3.1',
27 silly addNameRange     '0.3.2',
27 silly addNameRange     '0.3.3',
27 silly addNameRange     '0.3.4',
27 silly addNameRange     '0.3.5',
27 silly addNameRange     '0.3.6',
27 silly addNameRange     '0.3.7',
27 silly addNameRange     '0.4.0',
27 silly addNameRange     '0.4.1',
27 silly addNameRange     '0.4.2',
27 silly addNameRange     '0.4.3',
27 silly addNameRange     '0.4.4',
27 silly addNameRange     '0.4.5',
27 silly addNameRange     '0.4.6',
27 silly addNameRange     '0.4.7',
27 silly addNameRange     '0.4.8',
27 silly addNameRange     '0.4.9',
27 silly addNameRange     '0.4.10',
27 silly addNameRange     '0.4.11',
27 silly addNameRange     '0.4.12',
27 silly addNameRange     '0.4.13',
27 silly addNameRange     '0.4.14',
27 silly addNameRange     '0.4.15',
27 silly addNameRange     '0.5.0',
27 silly addNameRange     '0.5.1',
27 silly addNameRange     '0.5.2',
27 silly addNameRange     '1.0.0',
27 silly addNameRange     '1.1.0',
27 silly addNameRange     '1.1.1',
27 silly addNameRange     '1.1.2',
27 silly addNameRange     '1.1.3',
27 silly addNameRange     '1.1.4',
27 silly addNameRange     '1.2.0',
27 silly addNameRange     '1.2.1',
27 silly addNameRange     '1.2.2',
27 silly addNameRange     '1.2.3',
27 silly addNameRange     '1.2.4',
27 silly addNameRange     '1.2.5',
27 silly addNameRange     '1.2.6',
27 silly addNameRange     '1.2.7',
27 silly addNameRange     '1.2.8',
27 silly addNameRange     '1.2.9',
27 silly addNameRange     '1.3.0',
27 silly addNameRange     '1.4.0',
27 silly addNameRange     '1.4.1',
27 silly addNameRange     '1.4.2',
27 silly addNameRange     '1.4.3',
27 silly addNameRange     '1.4.4',
27 silly addNameRange     '1.4.5',
27 silly addNameRange     '1.4.6',
27 silly addNameRange     '1.4.7',
27 silly addNameRange     '1.4.8',
27 silly addNameRange     '1.5.0',
27 silly addNameRange     '1.6.0',
27 silly addNameRange     '1.6.1',
27 silly addNameRange     '1.7.0',
27 silly addNameRange     '1.7.1',
27 silly addNameRange     '1.7.2',
27 silly addNameRange     '1.7.3',
27 silly addNameRange     '1.7.4',
27 silly addNameRange     '1.7.5',
27 silly addNameRange     '1.7.6',
27 silly addNameRange     '1.7.7',
27 silly addNameRange     '1.8.0',
27 silly addNameRange     '1.8.1',
27 silly addNameRange     '1.8.2',
27 silly addNameRange     '1.8.3',
27 silly addNameRange     '1.9.0',
27 silly addNameRange     '1.9.1',
27 silly addNameRange     '1.9.2',
27 silly addNameRange     '1.9.3',
27 silly addNameRange     '1.9.4',
27 silly addNameRange     '1.10.0',
27 silly addNameRange     '1.10.1',
27 silly addNameRange     '1.10.2',
27 silly addNameRange     '1.10.3',
27 silly addNameRange     '1.10.4',
27 silly addNameRange     '1.10.5',
27 silly addNameRange     '1.10.6',
27 silly addNameRange     '1.10.7',
27 silly addNameRange     '1.10.8',
27 silly addNameRange     '1.10.9',
27 silly addNameRange     '1.10.11',
27 silly addNameRange     '1.10.12',
27 silly addNameRange     '1.10.13',
27 silly addNameRange     '1.10.14',
27 silly addNameRange     '1.10.15',
27 silly addNameRange     '1.10.16',
27 silly addNameRange     '1.10.17',
27 silly addNameRange     '1.11.0',
27 silly addNameRange     '1.11.1',
27 silly addNameRange     '1.12.0',
27 silly addNameRange     '1.12.1',
27 silly addNameRange     '1.12.2',
27 silly addNameRange     '1.12.3',
27 silly addNameRange     '1.13.0',
27 silly addNameRange     '1.13.1',
27 silly addNameRange     '1.13.2',
27 silly addNameRange     '1.13.3',
27 silly addNameRange     '1.13.4',
27 silly addNameRange     '1.13.5',
27 silly addNameRange     '1.13.6',
27 silly addNameRange     '1.13.8',
27 silly addNameRange     '1.13.9',
27 silly addNameRange     '1.13.10',
27 silly addNameRange     '1.14.0',
27 silly addNameRange     '1.14.1',
27 silly addNameRange     '1.14.2',
27 silly addNameRange     '1.14.3',
27 silly addNameRange     '1.14.4',
27 silly addNameRange     '1.14.5',
27 silly addNameRange     '1.15.0',
27 silly addNameRange     '1.15.1',
27 silly addNameRange     '1.15.2',
27 silly addNameRange     '1.15.3',
27 silly addNameRange     '1.15.4',
27 silly addNameRange     '1.15.5',
27 silly addNameRange     '1.15.6',
27 silly addNameRange     '1.16.0',
27 silly addNameRange     '1.16.1',
27 silly addNameRange     '1.16.2',
27 silly addNameRange     '1.16.3',
27 silly addNameRange     '1.16.4',
27 silly addNameRange     '1.16.5',
27 silly addNameRange     '1.16.6',
27 silly addNameRange     '1.16.7',
27 silly addNameRange     '1.16.8',
27 silly addNameRange     '1.17.0',
27 silly addNameRange     '1.17.1',
27 silly addNameRange     '1.17.2',
27 silly addNameRange     '1.17.3',
27 silly addNameRange     '1.18.0',
27 silly addNameRange     '2.0.0',
27 silly addNameRange     '2.0.1',
27 silly addNameRange     '2.1.0',
27 silly addNameRange     '2.2.0',
27 silly addNameRange     '2.2.1',
27 silly addNameRange     '2.2.2',
27 silly addNameRange     '2.2.3',
27 silly addNameRange     '2.2.4',
27 silly addNameRange     '2.2.5',
27 silly addNameRange     '2.2.6',
27 silly addNameRange     '2.3.0',
27 silly addNameRange     '2.3.1',
27 silly addNameRange     '2.4.0',
27 silly addNameRange     '2.4.1',
27 silly addNameRange     '2.4.2',
27 silly addNameRange     '2.4.3',
27 silly addNameRange     '2.5.0',
27 silly addNameRange     '2.5.1',
27 silly addNameRange     '2.6.0',
27 silly addNameRange     '2.6.1',
27 silly addNameRange     '2.7.0',
27 silly addNameRange     '2.7.1',
27 silly addNameRange     '2.7.2',
27 silly addNameRange     '2.7.3',
27 silly addNameRange     '2.7.4',
27 silly addNameRange     '2.8.0',
27 silly addNameRange     '2.8.1',
27 silly addNameRange     '2.9.0',
27 silly addNameRange     '2.10.0',
27 silly addNameRange     '2.10.1',
27 silly addNameRange     '2.10.2',
27 silly addNameRange     '2.11.0',
27 silly addNameRange     '2.12.0',
27 silly addNameRange     '2.12.1',
27 silly addNameRange     '2.12.2',
27 silly addNameRange     '2.12.3',
27 silly addNameRange     '2.12.4',
27 silly addNameRange     '2.12.5',
27 silly addNameRange     '2.13.0',
27 silly addNameRange     '2.13.1',
27 silly addNameRange     '2.13.2',
27 silly addNameRange     '2.13.3',
27 silly addNameRange     '2.14.0',
27 silly addNameRange     '2.14.1',
27 silly addNameRange     '2.14.2',
27 silly addNameRange     '2.15.0',
27 silly addNameRange     '2.16.0',
27 silly addNameRange     '2.17.0',
27 silly addNameRange     '2.17.1',
27 silly addNameRange     '2.17.2',
27 silly addNameRange     '2.17.3',
27 silly addNameRange     '2.17.4',
27 silly addNameRange     '2.18.0',
27 silly addNameRange     '2.18.1',
27 silly addNameRange     '2.19.0',
27 silly addNameRange     '2.20.0',
27 silly addNameRange     '2.20.1',
27 silly addNameRange     '2.20.2',
27 silly addNameRange     '2.21.0',
27 silly addNameRange     '2.22.0',
27 silly addNameRange     '2.23.0',
27 silly addNameRange     '2.23.1',
27 silly addNameRange     '2.24.0',
27 silly addNameRange     '2.24.1',
27 silly addNameRange     '2.24.2',
27 silly addNameRange     '2.24.3',
27 silly addNameRange     '2.25.0',
27 silly addNameRange     '2.25.1',
27 silly addNameRange     '2.26.0',
27 silly addNameRange     '2.27.0',
27 silly addNameRange     '2.27.1',
27 silly addNameRange     '2.28.0',
27 silly addNameRange     '2.29.0',
27 silly addNameRange     '2.29.1',
27 silly addNameRange     '2.30.0',
27 silly addNameRange     '2.31.0',
27 silly addNameRange     '2.32.0',
27 silly addNameRange     '2.32.1',
27 silly addNameRange     '2.32.2',
27 silly addNameRange     '2.32.3',
27 silly addNameRange     '2.32.4',
27 silly addNameRange     '2.33.0',
27 silly addNameRange     '2.33.1',
27 silly addNameRange     '2.34.0',
27 silly addNameRange     '2.34.1',
27 silly addNameRange     '2.34.2',
27 silly addNameRange     '2.34.3',
27 silly addNameRange     '2.35.0',
27 silly addNameRange     '2.35.1',
27 silly addNameRange     '2.35.2',
27 silly addNameRange     '2.35.3',
27 silly addNameRange     '2.35.4',
27 silly addNameRange     '2.36.0',
27 silly addNameRange     '2.36.1',
27 silly addNameRange     '3.0.0',
27 silly addNameRange     '3.1.0',
27 silly addNameRange     '3.1.1',
27 silly addNameRange     '3.1.2',
27 silly addNameRange     '3.1.3',
27 silly addNameRange     '3.2.0',
27 silly addNameRange     '3.2.1',
27 silly addNameRange     '3.2.2',
27 silly addNameRange     '3.3.0',
27 silly addNameRange     '3.4.0',
27 silly addNameRange     '3.4.1',
27 silly addNameRange     '3.5.0',
27 silly addNameRange     '3.6.0',
27 silly addNameRange     '3.7.0',
27 silly addNameRange     '3.8.0',
27 silly addNameRange     '3.8.1',
27 silly addNameRange     '3.9.0',
27 silly addNameRange     '3.9.1',
27 silly addNameRange     '3.10.0',
27 silly addNameRange     '3.11.0',
27 silly addNameRange     '3.11.1',
27 silly addNameRange     '3.12.0',
27 silly addNameRange     '3.13.0',
27 silly addNameRange     '3.14.0',
27 silly addNameRange     '3.14.1',
27 silly addNameRange     '3.16.0',
27 silly addNameRange     '3.16.1',
27 silly addNameRange     '3.17.0',
27 silly addNameRange     '3.18.0',
27 silly addNameRange     '3.19.0',
27 silly addNameRange     '3.19.1',
27 silly addNameRange     '3.20.0',
27 silly addNameRange     '3.20.1',
27 silly addNameRange     '3.20.2',
27 silly addNameRange     '3.21.0',
27 silly addNameRange     '3.21.1',
27 silly addNameRange     '3.22.0',
27 silly addNameRange     '3.22.1',
27 silly addNameRange     '3.23.0',
27 silly addNameRange     '3.23.1',
27 silly addNameRange     '3.24.0',
27 silly addNameRange     '3.24.1',
27 silly addNameRange     '3.24.2',
27 silly addNameRange     '3.24.3',
27 silly addNameRange     '3.24.4',
27 silly addNameRange     '3.24.5',
27 silly addNameRange     '3.24.6',
27 silly addNameRange     '3.24.7',
27 silly addNameRange     '3.24.8',
27 silly addNameRange     '3.24.9',
27 silly addNameRange     '3.24.10',
27 silly addNameRange     '3.24.11',
27 silly addNameRange     '3.24.13',
27 silly addNameRange     '3.25.0',
27 silly addNameRange     '3.25.1',
27 silly addNameRange     '3.25.2',
27 silly addNameRange     '3.26.0',
27 silly addNameRange     '3.27.0',
27 silly addNameRange     '3.27.1',
27 silly addNameRange     '3.28.0',
27 silly addNameRange     '3.28.1',
27 silly addNameRange     '3.28.2',
27 silly addNameRange     '3.29.0',
27 silly addNameRange     '3.29.1',
27 silly addNameRange     '3.30.0',
27 silly addNameRange     '3.30.1',
27 silly addNameRange     '3.30.2',
27 silly addNameRange     '3.30.3',
27 silly addNameRange     '3.30.4',
27 silly addNameRange     '3.31.0',
27 silly addNameRange     '3.31.1',
27 silly addNameRange     '3.31.2',
27 silly addNameRange     '3.32.0',
27 silly addNameRange     '3.32.1',
27 silly addNameRange     '3.33.0',
27 silly addNameRange     '3.33.1',
27 silly addNameRange     '3.34.0',
27 silly addNameRange     '3.35.0',
27 silly addNameRange     '3.36.0',
27 silly addNameRange     '3.36.1',
27 silly addNameRange     '3.37.0',
27 silly addNameRange     '3.37.1',
27 silly addNameRange     '3.37.2',
27 silly addNameRange     '3.38.0',
27 silly addNameRange     '3.38.1',
27 silly addNameRange     '3.39.0',
27 silly addNameRange     '3.40.0',
27 silly addNameRange     '3.40.1',
27 silly addNameRange     '3.40.2',
27 silly addNameRange     '3.40.3',
27 silly addNameRange     '3.40.4',
27 silly addNameRange     '3.41.0',
27 silly addNameRange     '3.42.0',
27 silly addNameRange     '3.43.0',
27 silly addNameRange     '3.44.0',
27 silly addNameRange     '3.44.1',
27 silly addNameRange     '3.44.2',
27 silly addNameRange     '3.45.0',
27 silly addNameRange     '3.46.0',
27 silly addNameRange     '3.46.1',
27 silly addNameRange     '4.0.0',
27 silly addNameRange     '4.1.0',
27 silly addNameRange     '4.1.1',
27 silly addNameRange     '4.1.2',
27 silly addNameRange     '4.1.3',
27 silly addNameRange     '4.1.4',
27 silly addNameRange     '4.1.5',
27 silly addNameRange     '4.1.6',
27 silly addNameRange     '4.1.7',
27 silly addNameRange     '4.1.8',
27 silly addNameRange     '4.1.9',
27 silly addNameRange     '4.1.10',
27 silly addNameRange     '4.1.11',
27 silly addNameRange     '4.2.0',
27 silly addNameRange     '4.2.1',
27 silly addNameRange     '4.2.2',
27 silly addNameRange     '4.2.3',
27 silly addNameRange     '5.0.0',
27 silly addNameRange     '5.0.1',
27 silly addNameRange     '5.0.2',
27 silly addNameRange     '5.0.3',
27 silly addNameRange     '5.0.4',
27 silly addNameRange     '5.0.5',
27 silly addNameRange     '5.0.6',
27 silly addNameRange     '5.0.7',
27 silly addNameRange     '5.0.8',
27 silly addNameRange     '5.1.0',
27 silly addNameRange     '5.1.1',
27 silly addNameRange     '5.2.0',
27 silly addNameRange     '5.2.1',
27 silly addNameRange     '5.3.0',
27 silly addNameRange     '5.4.0',
27 silly addNameRange     '5.4.1',
27 silly addNameRange     '5.4.2',
27 silly addNameRange     '5.5.0',
27 silly addNameRange     '5.6.0',
27 silly addNameRange     '5.6.1',
27 silly addNameRange     '5.7.0',
27 silly addNameRange     '5.8.0',
27 silly addNameRange     '5.9.0',
27 silly addNameRange     '5.9.1',
27 silly addNameRange     '5.9.2',
27 silly addNameRange     '5.9.3',
27 silly addNameRange     '5.10.0',
27 silly addNameRange     '5.10.1',
27 silly addNameRange     '5.11.0',
27 silly addNameRange     '5.11.1',
27 silly addNameRange     '5.11.2',
27 silly addNameRange     '5.12.0',
27 silly addNameRange     '5.12.1',
27 silly addNameRange     '5.12.2',
27 silly addNameRange     '5.13.0',
27 silly addNameRange     '5.13.1',
27 silly addNameRange     '6.0.0',
27 silly addNameRange     '6.0.1',
27 silly addNameRange     '6.0.2',
27 silly addNameRange     '6.0.3',
27 silly addNameRange     '6.1.0',
27 silly addNameRange     '6.1.1',
27 silly addNameRange     '6.1.2',
27 silly addNameRange     '6.2.0',
27 silly addNameRange     '6.3.0',
27 silly addNameRange     '6.3.1',
27 silly addNameRange     '6.3.2',
27 silly addNameRange     '6.3.3',
27 silly addNameRange     '6.3.4',
27 silly addNameRange     '7.0.0',
27 silly addNameRange     '7.0.1',
27 silly addNameRange     '7.0.2',
27 silly addNameRange     '7.0.3',
27 silly addNameRange     '7.1.0',
27 silly addNameRange     '8.0.0',
27 silly addNameRange     '8.0.1',
27 silly addNameRange     '8.0.2',
27 silly addNameRange     '8.0.3',
27 silly addNameRange     '8.1.0' ] ]
28 verbose addNamed browserify@8.1.0
29 silly addNamed semver.valid 8.1.0
30 silly addNamed semver.validRange 8.1.0
31 silly mapToRegistry name browserify
32 silly mapToRegistry using default registry
33 silly mapToRegistry registry https://registry.npmjs.org/
34 silly mapToRegistry uri https://registry.npmjs.org/browserify
35 verbose addRemoteTarball https://registry.npmjs.org/browserify/-/browserify-8.1.0.tgz not in flight; adding
36 verbose addRemoteTarball [ 'https://registry.npmjs.org/browserify/-/browserify-8.1.0.tgz',
36 verbose addRemoteTarball   'e8d966c0eb47a3e3e8a98deeff08812715033112' ]
37 info retry fetch attempt 1 at 19:49:43
38 info attempt registry request try #1 at 19:49:43
39 http fetch GET https://registry.npmjs.org/browserify/-/browserify-8.1.0.tgz
40 http fetch 200 https://registry.npmjs.org/browserify/-/browserify-8.1.0.tgz
41 silly fetchAndShaCheck shasum e8d966c0eb47a3e3e8a98deeff08812715033112
42 verbose addTmpTarball /tmp/npm-3455-f75d9bd4/registry.npmjs.org/browserify/-/browserify-8.1.0.tgz not in flight; adding
43 verbose addTmpTarball already have metadata; skipping unpack for browserify@8.1.0
44 silly cache afterAdd browserify@8.1.0
45 verbose afterAdd /home/binoy/.npm/browserify/8.1.0/package/package.json not in flight; writing
46 verbose afterAdd /home/binoy/.npm/browserify/8.1.0/package/package.json written
47 silly install resolved [ { name: 'browserify',
47 silly install resolved     version: '8.1.0',
47 silly install resolved     description: 'browser-side require() the node way',
47 silly install resolved     main: 'index.js',
47 silly install resolved     bin: { browserify: 'bin/cmd.js' },
47 silly install resolved     repository:
47 silly install resolved      { type: 'git',
47 silly install resolved        url: 'http://github.com/substack/node-browserify.git' },
47 silly install resolved     keywords:
47 silly install resolved      [ 'browser',
47 silly install resolved        'require',
47 silly install resolved        'commonjs',
47 silly install resolved        'commonj-esque',
47 silly install resolved        'bundle',
47 silly install resolved        'npm',
47 silly install resolved        'javascript' ],
47 silly install resolved     dependencies:
47 silly install resolved      { JSONStream: '~0.8.3',
47 silly install resolved        assert: '~1.3.0',
47 silly install resolved        'browser-pack': '^3.2.0',
47 silly install resolved        'browser-resolve': '^1.3.0',
47 silly install resolved        'browserify-zlib': '~0.1.2',
47 silly install resolved        buffer: '^3.0.0',
47 silly install resolved        builtins: '~0.0.3',
47 silly install resolved        commondir: '0.0.1',
47 silly install resolved        'concat-stream': '~1.4.1',
47 silly install resolved        'console-browserify': '^1.1.0',
47 silly install resolved        'constants-browserify': '~0.0.1',
47 silly install resolved        'crypto-browserify': '^3.0.0',
47 silly install resolved        'deep-equal': '~0.2.1',
47 silly install resolved        defined: '~0.0.0',
47 silly install resolved        'deps-sort': '^1.3.5',
47 silly install resolved        'domain-browser': '~1.1.0',
47 silly install resolved        duplexer2: '~0.0.2',
47 silly install resolved        events: '~1.0.0',
47 silly install resolved        glob: '^4.0.5',
47 silly install resolved        'http-browserify': '^1.4.0',
47 silly install resolved        'https-browserify': '~0.0.0',
47 silly install resolved        inherits: '~2.0.1',
47 silly install resolved        'insert-module-globals': '^6.2.0',
47 silly install resolved        isarray: '0.0.1',
47 silly install resolved        'labeled-stream-splicer': '^1.0.0',
47 silly install resolved        'module-deps': '^3.6.3',
47 silly install resolved        'os-browserify': '~0.1.1',
47 silly install resolved        parents: '~0.0.1',
47 silly install resolved        'path-browserify': '~0.0.0',
47 silly install resolved        process: '^0.10.0',
47 silly install resolved        punycode: '~1.2.3',
47 silly install resolved        'querystring-es3': '~0.2.0',
47 silly install resolved        'readable-stream': '^1.0.33-1',
47 silly install resolved        resolve: '~0.7.1',
47 silly install resolved        'shallow-copy': '0.0.1',
47 silly install resolved        shasum: '^1.0.0',
47 silly install resolved        'shell-quote': '~0.0.1',
47 silly install resolved        'stream-browserify': '^1.0.0',
47 silly install resolved        string_decoder: '~0.10.0',
47 silly install resolved        subarg: '^1.0.0',
47 silly install resolved        'syntax-error': '^1.1.1',
47 silly install resolved        through2: '^1.0.0',
47 silly install resolved        'timers-browserify': '^1.0.1',
47 silly install resolved        'tty-browserify': '~0.0.0',
47 silly install resolved        umd: '~2.1.0',
47 silly install resolved        url: '~0.10.1',
47 silly install resolved        util: '~0.10.1',
47 silly install resolved        'vm-browserify': '~0.0.1',
47 silly install resolved        xtend: '^3.0.0' },
47 silly install resolved     devDependencies:
47 silly install resolved      { backbone: '~0.9.2',
47 silly install resolved        'browser-unpack': '~0.0.0',
47 silly install resolved        'coffee-script': '~1.5.0',
47 silly install resolved        coffeeify: '~0.6.0',
47 silly install resolved        dnode: '~1.0.3',
47 silly install resolved        es6ify: '~0.4.8',
47 silly install resolved        mkdirp: '~0.3.3',
47 silly install resolved        osenv: '^0.1.0',
47 silly install resolved        seq: '0.3.3',
47 silly install resolved        tap: '~0.4.0',
47 silly install resolved        through: '^2.3.4' },
47 silly install resolved     author:
47 silly install resolved      { name: 'James Halliday',
47 silly install resolved        email: 'mail@substack.net',
47 silly install resolved        url: 'http://substack.net' },
47 silly install resolved     scripts: { test: 'tap test/*.js' },
47 silly install resolved     license: 'MIT',
47 silly install resolved     gitHead: 'd175f95a161ee4d54ba899aa2eb9e169fca90345',
47 silly install resolved     bugs: { url: 'https://github.com/substack/node-browserify/issues' },
47 silly install resolved     homepage: 'https://github.com/substack/node-browserify',
47 silly install resolved     _id: 'browserify@8.1.0',
47 silly install resolved     _shasum: 'e8d966c0eb47a3e3e8a98deeff08812715033112',
47 silly install resolved     _from: 'browserify@*',
47 silly install resolved     _npmVersion: '2.1.17',
47 silly install resolved     _nodeVersion: '0.10.35',
47 silly install resolved     _npmUser: { name: 'feross', email: 'feross@feross.org' },
47 silly install resolved     maintainers:
47 silly install resolved      [ [Object],
47 silly install resolved        [Object],
47 silly install resolved        [Object],
47 silly install resolved        [Object],
47 silly install resolved        [Object],
47 silly install resolved        [Object],
47 silly install resolved        [Object],
47 silly install resolved        [Object] ],
47 silly install resolved     dist:
47 silly install resolved      { shasum: 'e8d966c0eb47a3e3e8a98deeff08812715033112',
47 silly install resolved        tarball: 'http://registry.npmjs.org/browserify/-/browserify-8.1.0.tgz' },
47 silly install resolved     directories: {},
47 silly install resolved     _resolved: 'https://registry.npmjs.org/browserify/-/browserify-8.1.0.tgz' } ]
48 info install browserify@8.1.0 into /usr/lib
49 info installOne browserify@8.1.0
50 verbose installOne of browserify to /usr/lib not in flight; installing
51 verbose lock using /home/binoy/.npm/_locks/browserify-bddd70d69ed8ebe1.lock for /usr/lib/node_modules/browserify
52 silly install write writing browserify 8.1.0 to /usr/lib/node_modules/browserify
53 silly cache addNamed cb browserify@8.1.0
54 verbose unbuild lib/node_modules/browserify
55 verbose gentlyRm vacuuming /usr/lib/node_modules/browserify
56 verbose tar unpack /home/binoy/.npm/browserify/8.1.0/package.tgz
57 verbose tar unpacking to /usr/lib/node_modules/browserify
58 verbose gentlyRm vacuuming /usr/lib/node_modules/browserify
59 silly gunzTarPerm modes [ '755', '644' ]
60 error tar.unpack untar error /home/binoy/.npm/browserify/8.1.0/package.tgz
61 verbose unlock done using /home/binoy/.npm/_locks/browserify-bddd70d69ed8ebe1.lock for /usr/lib/node_modules/browserify
62 verbose fstream_path /usr/lib/node_modules/browserify
63 verbose fstream_type Directory
64 verbose fstream_class DirWriter
65 verbose stack Error: EACCES, mkdir '/usr/lib/node_modules/browserify'
66 verbose fstream_stack /usr/lib/node_modules/npm/node_modules/fstream/lib/dir-writer.js:36:23
66 verbose fstream_stack /usr/lib/node_modules/npm/node_modules/mkdirp/index.js:46:53
66 verbose fstream_stack Object.oncomplete (fs.js:108:15)
67 verbose cwd /home/binoy/Mozilla/gitsites/robo
68 error Linux 3.16.7.3-1-MANJARO
69 error argv "/usr/bin/node" "/usr/bin/npm" "install" "-g" "browserify"
70 error node v0.10.35
71 error npm  v2.1.17
72 error path /usr/lib/node_modules/browserify
73 error code EACCES
74 error errno 3
75 error Error: EACCES, mkdir '/usr/lib/node_modules/browserify'
75 error  { [Error: EACCES, mkdir '/usr/lib/node_modules/browserify']
75 error   errno: 3,
75 error   code: 'EACCES',
75 error   path: '/usr/lib/node_modules/browserify',
75 error   fstream_type: 'Directory',
75 error   fstream_path: '/usr/lib/node_modules/browserify',
75 error   fstream_class: 'DirWriter',
75 error   fstream_stack:
75 error    [ '/usr/lib/node_modules/npm/node_modules/fstream/lib/dir-writer.js:36:23',
75 error      '/usr/lib/node_modules/npm/node_modules/mkdirp/index.js:46:53',
75 error      'Object.oncomplete (fs.js:108:15)' ] }
76 error Please try running this command again as root/Administrator.
77 verbose exit [ 3, true ]
78 verbose unbuild lib/node_modules/browserify
79 verbose gentlyRm vacuuming /usr/lib/node_modules/browserify
